e:\projects\mfc\hookgamelua\hookgamelua\debug\vc120.pdb
e:\projects\mfc\hookgamelua\hookgamelua\debug\hookgamelua.pch
e:\projects\mfc\hookgamelua\hookgamelua\debug\vc120.idb
e:\projects\mfc\hookgamelua\hookgamelua\debug\stdafx.obj
e:\projects\mfc\hookgamelua\hookgamelua\debug\hookgamelua.obj
e:\projects\mfc\hookgamelua\hookgamelua\debug\maindlg.obj
e:\projects\mfc\hookgamelua\hookgamelua\debug\vehhook.obj
e:\projects\mfc\hookgamelua\hookgamelua\debug\log4z.obj
e:\projects\mfc\hookgamelua\hookgamelua\debug\showdebuginfo.obj
e:\projects\mfc\hookgamelua\hookgamelua\debug\hooklua.obj
e:\projects\mfc\hookgamelua\hookgamelua\debug\tlhooklua.obj
e:\projects\mfc\hookgamelua\debug\hookgamelua.lib
e:\projects\mfc\hookgamelua\debug\hookgamelua.exp
e:\projects\mfc\hookgamelua\debug\hookgamelua.ilk
e:\projects\mfc\hookgamelua\debug\hookgamelua.dll
e:\projects\mfc\hookgamelua\debug\hookgamelua.pdb
e:\projects\mfc\hookgamelua\hookgamelua\debug\hookgamelua.res
e:\projects\mfc\hookgamelua\hookgamelua\debug\luahook.obj
e:\projects\mfc\hookgamelua\hookgamelua\debug\hookgamelua.tlog\cl.command.1.tlog
e:\projects\mfc\hookgamelua\hookgamelua\debug\hookgamelua.tlog\cl.read.1.tlog
e:\projects\mfc\hookgamelua\hookgamelua\debug\hookgamelua.tlog\cl.write.1.tlog
e:\projects\mfc\hookgamelua\hookgamelua\debug\hookgamelua.tlog\hookgamelua.write.1u.tlog
e:\projects\mfc\hookgamelua\hookgamelua\debug\hookgamelua.tlog\link.command.1.tlog
e:\projects\mfc\hookgamelua\hookgamelua\debug\hookgamelua.tlog\link.read.1.tlog
e:\projects\mfc\hookgamelua\hookgamelua\debug\hookgamelua.tlog\link.write.1.tlog
e:\projects\mfc\hookgamelua\hookgamelua\debug\hookgamelua.tlog\rc.command.1.tlog
e:\projects\mfc\hookgamelua\hookgamelua\debug\hookgamelua.tlog\rc.read.1.tlog
e:\projects\mfc\hookgamelua\hookgamelua\debug\hookgamelua.tlog\rc.write.1.tlog
