生成启动时间为 2024-01-28 15:00:32。
     1>项目“E:\Projects\MFC\HookGameLua\HookGameLua\HookGameLua.vcxproj”在节点 2 上(Build 个目标)。
     1>ClCompile:
         C:\Program Files (x86)\Microsoft Visual Studio 12.0\VC\bin\CL.exe /c /ZI /nologo /W3 /WX- /sdl /Od /Oy- /D WIN32 /D _WINDOWS /D _DEBUG /D _USRDLL /D _WINDLL /D _UNICODE /D UNICODE /Gm /EHsc /RTC1 /MTd /GS /fp:precise /Zc:wchar_t /Zc:forScope /Yu"stdafx.h" /Fp"Debug\HookGameLua.pch" /Fo"Debug\\" /Fd"Debug\vc120.pdb" /Gd /TP /analyze- /errorReport:prompt MainDlg.cpp WowHookLua.cpp
         WowHookLua.cpp
         MainDlg.cpp
         正在生成代码...
       Link:
         C:\Program Files (x86)\Microsoft Visual Studio 12.0\VC\bin\link.exe /ERRORREPORT:PROMPT /OUT:"E:\Projects\MFC\HookGameLua\Debug\HookGameLua.dll" /INCREMENTAL /NOLOGO /DEF:".\HookGameLua.def" /MANIFEST /MANIFESTUAC:"level='asInvoker' uiAccess='false'" /manifest:embed /manifestinput:"C:\Program Files (x86)\Microsoft Visual Studio 12.0\VC\Include\Manifest\dpiaware.manifest" /DEBUG /PDB:"E:\Projects\MFC\HookGameLua\Debug\HookGameLua.pdb" /SUBSYSTEM:WINDOWS /TLBID:1 /DYNAMICBASE /NXCOMPAT /IMPLIB:"E:\Projects\MFC\HookGameLua\Debug\HookGameLua.lib" /MACHINE:X86 /DLL Debug\HookGameLua.res
         Debug\HookGameLua.obj
         Debug\HookLua.obj
         Debug\MainDlg.obj
         Debug\log4z.obj
         Debug\ShowDebugInfo.obj
         Debug\stdafx.obj
         Debug\TLHookLua.obj
         Debug\VehHook.obj
         Debug\WowHookLua.obj
         HookGameLua.vcxproj -> E:\Projects\MFC\HookGameLua\Debug\HookGameLua.dll
     1>已完成生成项目“E:\Projects\MFC\HookGameLua\HookGameLua\HookGameLua.vcxproj”(Build 个目标)的操作。

生成成功。

已用时间 00:00:00.79
