生成启动时间为 2024-01-26 21:28:43。
     1>项目“E:\Projects\MFC\HookGameLua\HookGameLua\HookGameLua.vcxproj”在节点 2 上(Build 个目标)。
     1>ClCompile:
         C:\Program Files (x86)\Microsoft Visual Studio 12.0\VC\bin\CL.exe /c /Zi /nologo /W3 /WX- /sdl /O2 /Oi /Oy- /GL /D WIN32 /D _WINDOWS /D NDEBUG /D _USRDLL /D _WINDLL /D _UNICODE /D UNICODE /Gm- /EHsc /MT /GS /Gy /fp:precise /Zc:wchar_t /Zc:forScope /Yc"stdafx.h" /Fp"Release\HookGameLua.pch" /Fo"Release\\" /Fd"Release\vc120.pdb" /Gd /TP /analyze- /errorReport:prompt stdafx.cpp
         stdafx.cpp
         C:\Program Files (x86)\Microsoft Visual Studio 12.0\VC\bin\CL.exe /c /Zi /nologo /W3 /WX- /sdl /O2 /Oi /Oy- /GL /D WIN32 /D _WINDOWS /D NDEBUG /D _USRDLL /D _WINDLL /D _UNICODE /D UNICODE /Gm- /EHsc /MT /GS /Gy /fp:precise /Zc:wchar_t /Zc:forScope /Yu"stdafx.h" /Fp"Release\HookGameLua.pch" /Fo"Release\\" /Fd"Release\vc120.pdb" /Gd /TP /analyze- /errorReport:prompt HookGameLua.cpp HookLua.cpp MainDlg.cpp ShowDebugInfo\log4z.cpp ShowDebugInfo\ShowDebugInfo.cpp TLHookLua.cpp VehHook.cpp WowHookLua.cpp
         HookGameLua.cpp
         HookLua.cpp
         MainDlg.cpp
         log4z.cpp
         ShowDebugInfo.cpp
         TLHookLua.cpp
         VehHook.cpp
         WowHookLua.cpp
       ResourceCompile:
         C:\Program Files (x86)\Windows Kits\8.1\bin\x86\rc.exe /D NDEBUG /D _UNICODE /D UNICODE /l"0x0804" /IRelease\ /nologo /fo"Release\HookGameLua.res" HookGameLua.rc 
       Link:
         C:\Program Files (x86)\Microsoft Visual Studio 12.0\VC\bin\link.exe /ERRORREPORT:PROMPT /OUT:"E:\Projects\MFC\HookGameLua\Release\HookGameLua.dll" /INCREMENTAL:NO /NOLOGO /DEF:".\HookGameLua.def" /MANIFEST /MANIFESTUAC:"level='asInvoker' uiAccess='false'" /manifest:embed /manifestinput:"C:\Program Files (x86)\Microsoft Visual Studio 12.0\VC\Include\Manifest\dpiaware.manifest" /DEBUG /PDB:"E:\Projects\MFC\HookGameLua\Release\HookGameLua.pdb" /SUBSYSTEM:WINDOWS /OPT:REF /OPT:ICF /LTCG /TLBID:1 /DYNAMICBASE /NXCOMPAT /IMPLIB:"E:\Projects\MFC\HookGameLua\Release\HookGameLua.lib" /MACHINE:X86 /SAFESEH /DLL Release\HookGameLua.res
         Release\HookGameLua.obj
         Release\HookLua.obj
         Release\MainDlg.obj
         Release\log4z.obj
         Release\ShowDebugInfo.obj
         Release\stdafx.obj
         Release\TLHookLua.obj
         Release\VehHook.obj
         Release\WowHookLua.obj
            正在创建库 E:\Projects\MFC\HookGameLua\Release\HookGameLua.lib 和对象 E:\Projects\MFC\HookGameLua\Release\HookGameLua.exp
         正在生成代码
         已完成代码的生成
         HookGameLua.vcxproj -> E:\Projects\MFC\HookGameLua\Release\HookGameLua.dll
     1>已完成生成项目“E:\Projects\MFC\HookGameLua\HookGameLua\HookGameLua.vcxproj”(Build 个目标)的操作。

生成成功。

已用时间 00:00:06.15
